Arguments: 
  C:\Program Files\nodejs\node.exe C:\Users\ThinkPad T470\AppData\Roaming\npm\node_modules\yarn\bin\yarn.js init

PATH: 
  C:\Users\ThinkPad T470\bin;C:\Program Files (x86)\Git\mingw64\bin;C:\Program Files (x86)\Git\usr\local\bin;C:\Program Files (x86)\Git\usr\bin;C:\Program Files (x86)\Git\usr\bin;C:\Program Files (x86)\Git\mingw64\bin;C:\Program Files (x86)\Git\usr\bin;C:\Users\ThinkPad T470\bin;C:\Python312\Scripts;C:\Python312;C:\Program Files\Python311\Scripts;C:\Program Files\Python311;E:\de\dbhomeXE\bin;E:\11g\app\oracle\product\11.2.0\server\bin;E:\VLC\dbhomeXE\bin;D:\dev\dbhomeXE\bin;D:\dev\bin;E:\x64\bin;C:\Program Files\Common Files\Oracle\Java\javapath;C:\Program Files (x86)\Common Files\Oracle\Java\javapath;E:\bin;C:\WINDOWS\system32;C:\WINDOWS;C:\WINDOWS\System32\Wbem;C:\WINDOWS\System32\WindowsPowerShell\v1.0;C:\WINDOWS\System32\OpenSSH;C:\ProgramData\chocolatey\bin;C:\Program Files\CodeBlocks\MinGW\bin;C:\Program Files\dotnet;C:\Program Files (x86)\Microsoft SQL Server\150\DTS\Binn;C:\Program Files\Microsoft SQL Server\Client SDK\ODBC\170\Tools\Binn;C:\Program Files (x86)\Microsoft SQL Server\150\Tools\Binn;C:\Program Files\Microsoft SQL Server\150\Tools\Binn;C:\Program Files\Microsoft SQL Server\150\DTS\Binn;C:\Program Files\MySQL\MySQL Shell 8.0\bin;AppData\Local\Pro;C:\Desktop\ngrok;C:\Program Files\Java\jdk1.8.0_341\bin;C:\Program Files (x86)\dotnet;C:\Program Files (x86)\Git\cmd;%JAVA_HOME%\bin;%HADOOP_HOME%\bin;%SPARK_HOME%\bin;C:\Program Files (x86)\Microsoft SQL Server\160\Tools\Binn;C:\Program Files\Microsoft SQL Server\160\Tools\Binn;C:\Program Files\Microsoft SQL Server\160\DTS\Binn;C:\php;C:\ProgramData\ComposerSetup\bin;AppData\Roaming\Python\Python311\Scripts;C:\Users\ThinkPad T470\AppData\Roaming\nvm;C:\Program Files\nodejs;C:\Program Files\nodejs;AppData\Local\Microsoft\WindowsApps;C:\Program Files\JetBrains\PyCharm 2020.2.2\bin;C:\Program Files\JetBrains\PyCharm Community Edition 2020.2.2\bin;AppData\Local\Programs\Microsoft VS Code\bin;.dotnet\tools;Documents\EGDownloads;AppData\Roaming\Python\Python311\Scripts;D:\IntelliJ IDEA 2020.3.2\bin;C:\Program Files\CodeBlocks\MinGW\bin;C:\Program Files\Azure Data Studio\bin;C:\xampp\php;go\bin;D:\ext\Markdown Monster;AppData\Roaming\npm;AppData\Roaming\Composer\vendor\bin;E:\PyCharm Community Edition 2022.1.3\bin;C:\Program Files\Java\jdk1.8.0_341\bin;AppData\Roaming\Python\Python311;C:\Users\ThinkPad T470\AppData\Roaming\nvm;C:\Program Files\nodejs;C:\Users\ThinkPad T470\AppData\Local\Programs\Microsoft VS Code\bin;C:\Users\ThinkPad T470\AppData\Roaming\npm;C:\Users\ThinkPad T470\.cache\trunk\launcher;C:\Program Files (x86)\Git\usr\bin\vendor_perl;C:\Program Files (x86)\Git\usr\bin\core_perl

Yarn version: 
  1.22.19

Node version: 
  20.10.0

Platform: 
  win32 x64

Trace: 
  Error: canceled
      at Interface.<anonymous> (C:\Users\ThinkPad T470\AppData\Roaming\npm\node_modules\yarn\lib\cli.js:137150:13)
      at Interface.emit (node:events:514:28)
      at [_ttyWrite] [as _ttyWrite] (node:internal/readline/interface:1125:18)
      at ReadStream.onkeypress (node:internal/readline/interface:264:20)
      at ReadStream.emit (node:events:514:28)
      at emitKeys (node:internal/readline/utils:371:14)
      at emitKeys.next (<anonymous>)
      at ReadStream.onData (node:internal/readline/emitKeypressEvents:64:36)
      at ReadStream.emit (node:events:514:28)
      at addChunk (node:internal/streams/readable:545:12)

npm manifest: 
  No manifest

yarn manifest: 
  No manifest

Lockfile: 
  No lockfile
